<?xml version="1.0" encoding="UTF-8"?>
<!-- Generated by org.testng.reporters.JUnitReportReporter -->
<testsuite skipped="0" hostname="LAPTOP-3RN7TLQT" name="MyProject.Selenium.Day1" tests="3" failures="0" timestamp="2020-08-19T18:45:23 IST" time="0.009" errors="0">
  <testcase name="loans" time="0.007" classname="MyProject.Selenium.Day1"/>
  <system-out/>
  <testcase name="loanssignup" time="0.001" classname="MyProject.Selenium.Day1"/>
  <system-out/>
  <testcase name="loanssignin" time="0.001" classname="MyProject.Selenium.Day1"/>
  <system-out/>
</testsuite> <!-- MyProject.Selenium.Day1 -->
